<?xml version="1.0" encoding="utf-8"?><testsuites><testsuite errors="0" failures="0" hostname="macintosh.lan" name="pytest" skipped="4" tests="39" time="1.733" timestamp="2021-03-11T11:49:17.042772"><testcase classname="tests.test_conceptual_model.ConceptualModelTest" name="test_initialize_associate_only" time="0.002" /><testcase classname="tests.test_conceptual_model.ConceptualModelTest" name="test_initialize_cause_associate" time="0.001" /><testcase classname="tests.test_conceptual_model.ConceptualModelTest" name="test_initialize_cause_only" time="0.001" /><testcase classname="tests.test_conceptual_model.ConceptualModelTest" name="test_verify_with_design" time="0.002" /><testcase classname="tests.test_conceptual_model.ConceptualModelTest" name="test_verify_with_statistical_model" time="0.002" /><testcase classname="tests.test_data.DataTest" name="test_data_initialize_from_csv" time="0.001" /><testcase classname="tests.test_design.DesignTest" name="test_initialize_1_level" time="0.001" /><testcase classname="tests.test_design.DesignTest" name="test_initialize_2_levels" time="0.002" /><testcase classname="tests.test_design.DesignTest" name="test_initialize_with_data" time="0.010" /><testcase classname="tests.test_graph.GraphTest" name="test_variables_node" time="0.001" /><testcase classname="tests.test_input_interface.InputInterfaceTest" name="test_answer_inclusion_no" time="0.001" /><testcase classname="tests.test_input_interface.InputInterfaceTest" name="test_answer_inclusion_yes" time="0.001" /><testcase classname="tests.test_input_interface.InputInterfaceTest" name="test_resolve_unsat" time="0.002" /><testcase classname="tests.test_level.LevelTest" name="test_level_initialize" time="0.002" /><testcase classname="tests.test_level.LevelTest" name="test_level_initialize_null" time="0.001" /><testcase classname="tests.test_level.LevelTest" name="test_nest_under_chaining" time="0.001" /><testcase classname="tests.test_level.LevelTest" name="test_nest_under_levels" time="0.001" /><testcase classname="tests.test_query_manager.QueryManagerTest" name="test_check_update_constraints" time="0.018" /><testcase classname="tests.test_query_manager.QueryManagerTest" name="test_check_update_constraints_family" time="0.014" /><testcase classname="tests.test_query_manager.QueryManagerTest" name="test_collect_rules_effects" time="0.004" /><testcase classname="tests.test_query_manager.QueryManagerTest" name="test_collect_rules_family" time="0.018" /><testcase classname="tests.test_query_manager.QueryManagerTest" name="test_postprocess_to_statistical_model_fixed" time="0.020" /><testcase classname="tests.test_query_manager.QueryManagerTest" name="test_postprocess_to_statistical_model_interaction" time="0.029" /><testcase classname="tests.test_query_manager.QueryManagerTest" name="test_resolve_unsat_family_rules" time="0.012" /><testcase classname="tests.test_query_manager.QueryManagerTest" name="test_update_clauses" time="0.007" /><testcase classname="tests.test_query_manager.QueryManagerTest" name="test_update_clauses_repeated_clauses" time="0.008" /><testcase classname="tests.test_statistical_model.StatisticalModelTest" name="test_initialize_fixed_interaction_1" time="0.002" /><testcase classname="tests.test_statistical_model.StatisticalModelTest" name="test_initialize_fixed_only" time="0.001" /><testcase classname="tests.test_statistical_model.StatisticalModelTest" name="test_initialize_main_interaction_2" time="0.001" /><testcase classname="tests.test_statistical_model.StatisticalModelTest" name="test_initialize_random_intercepts_1" time="0.002" /><testcase classname="tests.test_statistical_model.StatisticalModelTest" name="test_initialize_random_slopes_1" time="0.002" /><testcase classname="tests.test_synthesizer.SynthesizerTest" name="test_answer_inclusion_yes" time="0.002" /><testcase classname="tests.test_synthesizer.SynthesizerTest" name="test_generate_and_select_family_gamma" time="0.018" /><testcase classname="tests.test_synthesizer.SynthesizerTest" name="test_generate_and_select_family_gaussian" time="0.015" /><testcase classname="tests.test_synthesizer.SynthesizerTest" name="test_one_level_fixed" time="0.001"><skipped message="Sanity check that the interaction loop works after testing all the individual components" type="pytest.skip">/Users/emjun/Git/tisane/tests/test_synthesizer.py:81: Sanity check that the interaction loop works after testing all the individual components</skipped></testcase><testcase classname="tests.test_synthesizer.SynthesizerTest" name="test_one_level_fixed_interaction" time="0.000"><skipped message="Sanity check that the interaction loop works after testing all the individual components" type="pytest.skip">/Users/emjun/Git/tisane/tests/test_synthesizer.py:97: Sanity check that the interaction loop works after testing all the individual components</skipped></testcase><testcase classname="tests.test_synthesizer.SynthesizerTest" name="test_synth_one_level_fixed" time="0.001" /><testcase classname="tests.test_synthesizer.SynthesizerTest" name="test_two_levels_fixed_interaction" time="0.000"><skipped message="Sanity check that the interaction loop works after testing all the individual components" type="pytest.skip">/Users/emjun/Git/tisane/tests/test_synthesizer.py:114: Sanity check that the interaction loop works after testing all the individual components</skipped></testcase><testcase classname="tests.test_synthesizer.SynthesizerTest" name="test_two_levels_random" time="0.001"><skipped message="Sanity check that the interaction loop works after testing all the individual components" type="pytest.skip">/Users/emjun/Git/tisane/tests/test_synthesizer.py:134: Sanity check that the interaction loop works after testing all the individual components</skipped></testcase></testsuite></testsuites>